#
# A fatal error has been detected by the Java Runtime Environment:
#
#  Internal Error (os_windows_x86.cpp:144), pid=17792, tid=0x0000000000002bcc
#  guarantee(result == EXCEPTION_CONTINUE_EXECUTION) failed: Unexpected result from topLevelExceptionFilter
#
# JRE version: Java(TM) SE Runtime Environment (8.0_144-b01) (build 1.8.0_144-b01)
# Java VM: Java HotSpot(TM) 64-Bit Server VM (25.144-b01 mixed mode windows-amd64 compressed oops)
# Failed to write core dump. Minidumps are not enabled by default on client versions of Windows
#
# If you would like to submit a bug report, please visit:
#   http://bugreport.java.com/bugreport/crash.jsp
# The crash happened outside the Java Virtual Machine in native code.
# See problematic frame for where to report the bug.
#

---------------  T H R E A D  ---------------

Current thread (0x000000002bb9e800):  JavaThread "pool-1-thread-1" [_thread_in_native, id=11212, stack(0x0000000030cb0000,0x0000000030db0000)]

Stack: [0x0000000030cb0000,0x0000000030db0000]
[error occurred during error reporting (printing stack bounds), id 0xc0000005]

Native frames: (J=compiled Java code, j=interpreted, Vv=VM code, C=native code)

Java frames: (J=compiled Java code, j=interpreted, Vv=VM code)
j  ladder.service.MatchService.match(Ljava/lang/String;Ljava/lang/String;Ljava/lang/String;Ljava/lang/String;Ljava/lang/String;Ljava/lang/String;Ljava/lang/String;Ljava/lang/String;Ljava/lang/String;)I+0
j  ladder.service.ScheduledTask.match()V+208
v  ~StubRoutines::call_stub
J 2933  sun.reflect.NativeMethodAccessorImpl.invoke0(Ljava/lang/reflect/Method;Ljava/lang/Object;[Ljava/lang/Object;)Ljava/lang/Object; (0 bytes) @ 0x0000000003f853ff [0x0000000003f85380+0x7f]
J 2073 C1 sun.reflect.NativeMethodAccessorImpl.invoke(Ljava/lang/Object;[Ljava/lang/Object;)Ljava/lang/Object; (104 bytes) @ 0x0000000003c55c7c [0x0000000003c54a80+0x11fc]
J 1353 C2 java.lang.reflect.Method.invoke(Ljava/lang/Object;[Ljava/lang/Object;)Ljava/lang/Object; (62 bytes) @ 0x0000000003a36e08 [0x0000000003a36d60+0xa8]
j  org.springframework.scheduling.support.ScheduledMethodRunnable.run()V+19
j  org.springframework.scheduling.support.DelegatingErrorHandlingRunnable.run()V+4
j  org.springframework.scheduling.concurrent.ReschedulingRunnable.run()V+9
j  java.util.concurrent.Executors$RunnableAdapter.call()Ljava/lang/Object;+4
j  java.util.concurrent.FutureTask.run()V+42
j  java.util.concurrent.ScheduledThreadPoolExecutor$ScheduledFutureTask.access$201(Ljava/util/concurrent/ScheduledThreadPoolExecutor$ScheduledFutureTask;)V+1
j  java.util.concurrent.ScheduledThreadPoolExecutor$ScheduledFutureTask.run()V+30
j  java.util.concurrent.ThreadPoolExecutor.runWorker(Ljava/util/concurrent/ThreadPoolExecutor$Worker;)V+95
j  java.util.concurrent.ThreadPoolExecutor$Worker.run()V+5
j  java.lang.Thread.run()V+11
v  ~StubRoutines::call_stub

---------------  P R O C E S S  ---------------

Java Threads: ( => current thread )
  0x000000002d33a000 JavaThread "Abandoned connection cleanup thread" daemon [_thread_blocked, id=3368, stack(0x0000000031690000,0x0000000031790000)]
  0x000000002d338000 JavaThread "Tomcat JDBC Pool Cleaner[414493378:1512109670025]" daemon [_thread_blocked, id=6296, stack(0x0000000031590000,0x0000000031690000)]
  0x000000002d337000 JavaThread "DestroyJavaVM" [_thread_blocked, id=1316, stack(0x0000000003090000,0x0000000003190000)]
  0x000000002d335000 JavaThread "http-nio-8080-Acceptor-0" daemon [_thread_in_native, id=21508, stack(0x0000000031490000,0x0000000031590000)]
  0x000000002c07b800 JavaThread "http-nio-8080-ClientPoller-1" daemon [_thread_in_native, id=760, stack(0x0000000031390000,0x0000000031490000)]
  0x000000002ee77800 JavaThread "http-nio-8080-ClientPoller-0" daemon [_thread_in_native, id=9028, stack(0x0000000031290000,0x0000000031390000)]
  0x000000002ed57800 JavaThread "NioBlockingSelector.BlockPoller-1" daemon [_thread_in_native, id=14200, stack(0x0000000031190000,0x0000000031290000)]
=>0x000000002bb9e800 JavaThread "pool-1-thread-1" [_thread_in_native, id=11212, stack(0x0000000030cb0000,0x0000000030db0000)]
  0x000000002e831000 JavaThread "container-0" [_thread_blocked, id=21080, stack(0x000000002f560000,0x000000002f660000)]
  0x000000002bc9e800 JavaThread "ContainerBackgroundProcessor[StandardEngine[Tomcat].StandardHost[localhost].StandardContext[]]" daemon [_thread_blocked, id=5744, stack(0x000000002f460000,0x000000002f560000)]
  0x000000002c77d800 JavaThread "localhost-startStop-1" daemon [_thread_blocked, id=12840, stack(0x000000002f360000,0x000000002f460000)]
  0x000000002d476800 JavaThread "Tomcat-startStop-1" daemon [_thread_blocked, id=2292, stack(0x000000002ddc0000,0x000000002dec0000)]
  0x00000000286c0000 JavaThread "Service Thread" daemon [_thread_blocked, id=18036, stack(0x0000000029060000,0x0000000029160000)]
  0x0000000028615000 JavaThread "C1 CompilerThread3" daemon [_thread_blocked, id=12760, stack(0x0000000028f60000,0x0000000029060000)]
  0x0000000028593800 JavaThread "C2 CompilerThread2" daemon [_thread_blocked, id=13076, stack(0x0000000028e60000,0x0000000028f60000)]
  0x0000000028592800 JavaThread "C2 CompilerThread1" daemon [_thread_blocked, id=9984, stack(0x0000000028d60000,0x0000000028e60000)]
  0x0000000028592000 JavaThread "C2 CompilerThread0" daemon [_thread_blocked, id=19104, stack(0x0000000028c60000,0x0000000028d60000)]
  0x000000002858c000 JavaThread "Monitor Ctrl-Break" daemon [_thread_in_native, id=8784, stack(0x0000000028b60000,0x0000000028c60000)]
  0x000000002643b000 JavaThread "Attach Listener" daemon [_thread_blocked, id=14264, stack(0x0000000028a60000,0x0000000028b60000)]
  0x0000000028398800 JavaThread "Signal Dispatcher" daemon [_thread_blocked, id=11992, stack(0x0000000028960000,0x0000000028a60000)]
  0x0000000028320800 JavaThread "Finalizer" daemon [_thread_blocked, id=16004, stack(0x0000000028700000,0x0000000028800000)]
  0x000000000346b800 JavaThread "Reference Handler" daemon [_thread_blocked, id=18288, stack(0x0000000028200000,0x0000000028300000)]

Other Threads:
  0x000000002642a000 VMThread [stack: 0x0000000028100000,0x0000000028200000] [id=9024]
  0x00000000286fd800 WatcherThread [stack: 0x0000000029960000,0x0000000029a60000] [id=22076]

VM state:not at safepoint (normal execution)

VM Mutex/Monitor currently owned by a thread: None

Heap:
 PSYoungGen      total 284672K, used 18008K [0x0000000715c00000, 0x000000072e580000, 0x00000007c0000000)
  eden space 263168K, 6% used [0x0000000715c00000,0x0000000716d96270,0x0000000725d00000)
  from space 21504K, 0% used [0x0000000725d00000,0x0000000725d00000,0x0000000727200000)
  to   space 21504K, 0% used [0x000000072d080000,0x000000072d080000,0x000000072e580000)
 ParOldGen       total 335360K, used 24969K [0x00000005c1400000, 0x00000005d5b80000, 0x0000000715c00000)
  object space 335360K, 7% used [0x00000005c1400000,0x00000005c2c625a0,0x00000005d5b80000)
 Metaspace       used 35951K, capacity 36288K, committed 36648K, reserved 1081344K
  class space    used 4374K, capacity 4477K, committed 4480K, reserved 1048576K

Card table byte_map: [0x0000000012830000,0x0000000013830000] byte_map_base: 0x000000000fa26000

Marking Bits: (ParMarkBitMap*) 0x000000006c2dd850
 Begin Bits: [0x0000000014ae0000, 0x000000001ca90000)
 End Bits:   [0x000000001ca90000, 0x0000000024a40000)

Polling page: 0x00000000014d0000

CodeCache: size=245760Kb used=15405Kb max_used=15427Kb free=230354Kb
 bounds [0x0000000003470000, 0x0000000004390000, 0x0000000012470000]
 total_blobs=4415 nmethods=3930 adapters=396
 compilation: enabled

Compilation events (10 events):
Event: 9.417 Thread 0x0000000028615000 3951       3       java.nio.HeapCharBuffer::<init> (13 bytes)
Event: 9.417 Thread 0x0000000028615000 nmethod 3951 0x0000000004380990 code [0x0000000004380b00, 0x0000000004380dc8]
Event: 9.417 Thread 0x0000000028615000 3954       3       java.lang.reflect.Method::acquireMethodAccessor (44 bytes)
Event: 9.417 Thread 0x0000000028615000 nmethod 3954 0x0000000004380ed0 code [0x0000000004381060, 0x00000000043816d8]
Event: 9.417 Thread 0x0000000028615000 3957       3       sun.nio.cs.UTF_8$Decoder::decodeLoop (28 bytes)
Event: 9.417 Thread 0x0000000028615000 nmethod 3957 0x0000000004381890 code [0x0000000004381a20, 0x0000000004381f58]
Event: 9.417 Thread 0x0000000028615000 3956       3       sun.nio.cs.ThreadLocalCoders::decoderFor (18 bytes)
Event: 9.417 Thread 0x0000000028615000 nmethod 3956 0x00000000043820d0 code [0x0000000004382260, 0x00000000043826f8]
Event: 9.417 Thread 0x0000000028592800 nmethod 3955 0x00000000043884d0 code [0x0000000004388620, 0x00000000043887d8]
Event: 9.417 Thread 0x0000000028592000 nmethod 3953 0x0000000004386590 code [0x00000000043866e0, 0x0000000004386998]

GC Heap History (10 events):
Event: 0.770 GC heap before
{Heap before GC invocations=1 (full 0):
 PSYoungGen      total 153088K, used 131584K [0x0000000715c00000, 0x0000000720680000, 0x00000007c0000000)
  eden space 131584K, 100% used [0x0000000715c00000,0x000000071dc80000,0x000000071dc80000)
  from space 21504K, 0% used [0x000000071f180000,0x000000071f180000,0x0000000720680000)
  to   space 21504K, 0% used [0x000000071dc80000,0x000000071dc80000,0x000000071f180000)
 ParOldGen       total 349696K, used 0K [0x00000005c1400000, 0x00000005d6980000, 0x0000000715c00000)
  object space 349696K, 0% used [0x00000005c1400000,0x00000005c1400000,0x00000005d6980000)
 Metaspace       used 17814K, capacity 18028K, committed 18176K, reserved 1064960K
  class space    used 2181K, capacity 2227K, committed 2304K, reserved 1048576K
Event: 0.784 GC heap after
Heap after GC invocations=1 (full 0):
 PSYoungGen      total 153088K, used 17549K [0x0000000715c00000, 0x0000000728700000, 0x00000007c0000000)
  eden space 131584K, 0% used [0x0000000715c00000,0x0000000715c00000,0x000000071dc80000)
  from space 21504K, 81% used [0x000000071dc80000,0x000000071eda37f0,0x000000071f180000)
  to   space 21504K, 0% used [0x0000000727200000,0x0000000727200000,0x0000000728700000)
 ParOldGen       total 349696K, used 88K [0x00000005c1400000, 0x00000005d6980000, 0x0000000715c00000)
  object space 349696K, 0% used [0x00000005c1400000,0x00000005c1416010,0x00000005d6980000)
 Metaspace       used 17814K, capacity 18028K, committed 18176K, reserved 1064960K
  class space    used 2181K, capacity 2227K, committed 2304K, reserved 1048576K
}
Event: 1.193 GC heap before
{Heap before GC invocations=2 (full 0):
 PSYoungGen      total 153088K, used 81387K [0x0000000715c00000, 0x0000000728700000, 0x00000007c0000000)
  eden space 131584K, 48% used [0x0000000715c00000,0x0000000719a57430,0x000000071dc80000)
  from space 21504K, 81% used [0x000000071dc80000,0x000000071eda37f0,0x000000071f180000)
  to   space 21504K, 0% used [0x0000000727200000,0x0000000727200000,0x0000000728700000)
 ParOldGen       total 349696K, used 88K [0x00000005c1400000, 0x00000005d6980000, 0x0000000715c00000)
  object space 349696K, 0% used [0x00000005c1400000,0x00000005c1416010,0x00000005d6980000)
 Metaspace       used 20881K, capacity 21078K, committed 21296K, reserved 1069056K
  class space    used 2569K, capacity 2618K, committed 2688K, reserved 1048576K
Event: 1.202 GC heap after
Heap after GC invocations=2 (full 0):
 PSYoungGen      total 284672K, used 12346K [0x0000000715c00000, 0x0000000728700000, 0x00000007c0000000)
  eden space 263168K, 0% used [0x0000000715c00000,0x0000000715c00000,0x0000000725d00000)
  from space 21504K, 57% used [0x0000000727200000,0x0000000727e0ebd8,0x0000000728700000)
  to   space 21504K, 0% used [0x0000000725d00000,0x0000000725d00000,0x0000000727200000)
 ParOldGen       total 349696K, used 104K [0x00000005c1400000, 0x00000005d6980000, 0x0000000715c00000)
  object space 349696K, 0% used [0x00000005c1400000,0x00000005c141a010,0x00000005d6980000)
 Metaspace       used 20881K, capacity 21078K, committed 21296K, reserved 1069056K
  class space    used 2569K, capacity 2618K, committed 2688K, reserved 1048576K
}
Event: 1.202 GC heap before
{Heap before GC invocations=3 (full 1):
 PSYoungGen      total 284672K, used 12346K [0x0000000715c00000, 0x0000000728700000, 0x00000007c0000000)
  eden space 263168K, 0% used [0x0000000715c00000,0x0000000715c00000,0x0000000725d00000)
  from space 21504K, 57% used [0x0000000727200000,0x0000000727e0ebd8,0x0000000728700000)
  to   space 21504K, 0% used [0x0000000725d00000,0x0000000725d00000,0x0000000727200000)
 ParOldGen       total 349696K, used 104K [0x00000005c1400000, 0x00000005d6980000, 0x0000000715c00000)
  object space 349696K, 0% used [0x00000005c1400000,0x00000005c141a010,0x00000005d6980000)
 Metaspace       used 20881K, capacity 21078K, committed 21296K, reserved 1069056K
  class space    used 2569K, capacity 2618K, committed 2688K, reserved 1048576K
Event: 1.229 GC heap after
Heap after GC invocations=3 (full 1):
 PSYoungGen      total 284672K, used 0K [0x0000000715c00000, 0x0000000728700000, 0x00000007c0000000)
  eden space 263168K, 0% used [0x0000000715c00000,0x0000000715c00000,0x0000000725d00000)
  from space 21504K, 0% used [0x0000000727200000,0x0000000727200000,0x0000000728700000)
  to   space 21504K, 0% used [0x0000000725d00000,0x0000000725d00000,0x0000000727200000)
 ParOldGen       total 215552K, used 12059K [0x00000005c1400000, 0x00000005ce680000, 0x0000000715c00000)
  object space 215552K, 5% used [0x00000005c1400000,0x00000005c1fc6c98,0x00000005ce680000)
 Metaspace       used 20881K, capacity 21078K, committed 21296K, reserved 1069056K
  class space    used 2569K, capacity 2618K, committed 2688K, reserved 1048576K
}
Event: 9.229 GC heap before
{Heap before GC invocations=4 (full 1):
 PSYoungGen      total 284672K, used 248140K [0x0000000715c00000, 0x0000000728700000, 0x00000007c0000000)
  eden space 263168K, 94% used [0x0000000715c00000,0x0000000724e53190,0x0000000725d00000)
  from space 21504K, 0% used [0x0000000727200000,0x0000000727200000,0x0000000728700000)
  to   space 21504K, 0% used [0x0000000725d00000,0x0000000725d00000,0x0000000727200000)
 ParOldGen       total 215552K, used 12059K [0x00000005c1400000, 0x00000005ce680000, 0x0000000715c00000)
  object space 215552K, 5% used [0x00000005c1400000,0x00000005c1fc6c98,0x00000005ce680000)
 Metaspace       used 34947K, capacity 35240K, committed 35496K, reserved 1081344K
  class space    used 4259K, capacity 4345K, committed 4352K, reserved 1048576K
Event: 9.237 GC heap after
Heap after GC invocations=4 (full 1):
 PSYoungGen      total 284672K, used 17195K [0x0000000715c00000, 0x000000072e580000, 0x00000007c0000000)
  eden space 263168K, 0% used [0x0000000715c00000,0x0000000715c00000,0x0000000725d00000)
  from space 21504K, 79% used [0x0000000725d00000,0x0000000726dcadb0,0x0000000727200000)
  to   space 21504K, 0% used [0x000000072d080000,0x000000072d080000,0x000000072e580000)
 ParOldGen       total 215552K, used 12067K [0x00000005c1400000, 0x00000005ce680000, 0x0000000715c00000)
  object space 215552K, 5% used [0x00000005c1400000,0x00000005c1fc8c98,0x00000005ce680000)
 Metaspace       used 34947K, capacity 35240K, committed 35496K, reserved 1081344K
  class space    used 4259K, capacity 4345K, committed 4352K, reserved 1048576K
}
Event: 9.237 GC heap before
{Heap before GC invocations=5 (full 2):
 PSYoungGen      total 284672K, used 17195K [0x0000000715c00000, 0x000000072e580000, 0x00000007c0000000)
  eden space 263168K, 0% used [0x0000000715c00000,0x0000000715c00000,0x0000000725d00000)
  from space 21504K, 79% used [0x0000000725d00000,0x0000000726dcadb0,0x0000000727200000)
  to   space 21504K, 0% used [0x000000072d080000,0x000000072d080000,0x000000072e580000)
 ParOldGen       total 215552K, used 12067K [0x00000005c1400000, 0x00000005ce680000, 0x0000000715c00000)
  object space 215552K, 5% used [0x00000005c1400000,0x00000005c1fc8c98,0x00000005ce680000)
 Metaspace       used 34947K, capacity 35240K, committed 35496K, reserved 1081344K
  class space    used 4259K, capacity 4345K, committed 4352K, reserved 1048576K
Event: 9.285 GC heap after
Heap after GC invocations=5 (full 2):
 PSYoungGen      total 284672K, used 0K [0x0000000715c00000, 0x000000072e580000, 0x00000007c0000000)
  eden space 263168K, 0% used [0x0000000715c00000,0x0000000715c00000,0x0000000725d00000)
  from space 21504K, 0% used [0x0000000725d00000,0x0000000725d00000,0x0000000727200000)
  to   space 21504K, 0% used [0x000000072d080000,0x000000072d080000,0x000000072e580000)
 ParOldGen       total 335360K, used 24969K [0x00000005c1400000, 0x00000005d5b80000, 0x0000000715c00000)
  object space 335360K, 7% used [0x00000005c1400000,0x00000005c2c625a0,0x00000005d5b80000)
 Metaspace       used 34947K, capacity 35240K, committed 35496K, reserved 1081344K
  class space    used 4259K, capacity 4345K, committed 4352K, reserved 1048576K
}

Deoptimization events (10 events):
Event: 2.219 Thread 0x0000000003375800 Uncommon trap: reason=class_check action=maybe_recompile pc=0x0000000003fc5570 method=java.lang.reflect.Executable.getAnnotation(Ljava/lang/Class;)Ljava/lang/annotation/Annotation; @ 19
Event: 2.282 Thread 0x0000000003375800 Uncommon trap: reason=class_check action=maybe_recompile pc=0x0000000004204ae0 method=java.lang.reflect.Array.newInstance(Ljava/lang/Class;I)Ljava/lang/Object; @ 2
Event: 2.282 Thread 0x0000000003375800 Uncommon trap: reason=class_check action=maybe_recompile pc=0x0000000004204ae0 method=java.lang.reflect.Array.newInstance(Ljava/lang/Class;I)Ljava/lang/Object; @ 2
Event: 2.282 Thread 0x0000000003375800 Uncommon trap: reason=class_check action=maybe_recompile pc=0x0000000004204ae0 method=java.lang.reflect.Array.newInstance(Ljava/lang/Class;I)Ljava/lang/Object; @ 2
Event: 2.282 Thread 0x0000000003375800 Uncommon trap: reason=class_check action=maybe_recompile pc=0x0000000004204ae0 method=java.lang.reflect.Array.newInstance(Ljava/lang/Class;I)Ljava/lang/Object; @ 2
Event: 2.309 Thread 0x0000000003375800 Uncommon trap: reason=null_check action=make_not_entrant pc=0x000000000407debc method=java.util.concurrent.ConcurrentHashMap$TreeBin.<init>(Ljava/util/concurrent/ConcurrentHashMap$TreeNode;)V @ 26
Event: 2.358 Thread 0x0000000003375800 Uncommon trap: reason=unstable_if action=reinterpret pc=0x0000000003ed40e0 method=java.lang.Class$MethodArray.addIfNotPresent(Ljava/lang/reflect/Method;)V @ 19
Event: 2.408 Thread 0x0000000003375800 Uncommon trap: reason=unstable_if action=reinterpret pc=0x0000000003b03b14 method=org.springframework.util.ConcurrentReferenceHashMap$Segment.clear()V @ 4
Event: 9.193 Thread 0x000000002bb9e800 Uncommon trap: reason=unstable_if action=reinterpret pc=0x0000000003739548 method=sun.nio.cs.UTF_8$Decoder.decode([BII[C)I @ 30
Event: 9.225 Thread 0x000000002bb9e800 Uncommon trap: reason=unstable_if action=reinterpret pc=0x0000000004228988 method=java.util.TreeMap.put(Ljava/lang/Object;Ljava/lang/Object;)Ljava/lang/Object; @ 163

Internal exceptions (10 events):
Event: 2.328 Thread 0x0000000003375800 Exception <a 'java/lang/ClassNotFoundException': java/lang/ObjectCustomizer> (0x00000007220ab4c8) thrown at [C:\re\workspace\8-2-build-windows-amd64-cygwin\jdk8u144\9417\hotspot\src\share\vm\classfile\systemDictionary.cpp, line 210]
Event: 2.328 Thread 0x0000000003375800 Exception <a 'java/lang/ClassNotFoundException': org/springframework/boot/autoconfigure/transaction/TransactionAutoConfigurationCustomizer> (0x00000007220c57c8) thrown at [C:\re\workspace\8-2-build-windows-amd64-cygwin\jdk8u144\9417\hotspot\src\share\vm\c
Event: 2.328 Thread 0x0000000003375800 Exception <a 'java/lang/ClassNotFoundException': org/springframework/boot/autoconfigure/transaction/TransactionAutoConfiguration$$EnhancerBySpringCGLIB$$66857bfcCustomizer> (0x00000007220e3f20) thrown at [C:\re\workspace\8-2-build-windows-amd64-cygwin\jdk
Event: 2.331 Thread 0x0000000003375800 Exception <a 'java/lang/ClassNotFoundException': java/lang/ObjectCustomizer> (0x0000000722174758) thrown at [C:\re\workspace\8-2-build-windows-amd64-cygwin\jdk8u144\9417\hotspot\src\share\vm\classfile\systemDictionary.cpp, line 210]
Event: 2.331 Thread 0x0000000003375800 Exception <a 'java/lang/ClassNotFoundException': org/springframework/transaction/support/DefaultTransactionDefinitionCustomizer> (0x000000072218c978) thrown at [C:\re\workspace\8-2-build-windows-amd64-cygwin\jdk8u144\9417\hotspot\src\share\vm\classfile\sy
Event: 2.332 Thread 0x0000000003375800 Exception <a 'java/lang/ClassNotFoundException': org/springframework/transaction/support/TransactionTemplateCustomizer> (0x00000007221b29f8) thrown at [C:\re\workspace\8-2-build-windows-amd64-cygwin\jdk8u144\9417\hotspot\src\share\vm\classfile\systemDicti
Event: 2.333 Thread 0x0000000003375800 Exception <a 'java/lang/ClassNotFoundException': java/lang/ObjectCustomizer> (0x00000007221e3d10) thrown at [C:\re\workspace\8-2-build-windows-amd64-cygwin\jdk8u144\9417\hotspot\src\share\vm\classfile\systemDictionary.cpp, line 210]
Event: 2.333 Thread 0x0000000003375800 Exception <a 'java/lang/ClassNotFoundException': org/springframework/web/multipart/support/StandardServletMultipartResolverCustomizer> (0x00000007221fd2c8) thrown at [C:\re\workspace\8-2-build-windows-amd64-cygwin\jdk8u144\9417\hotspot\src\share\vm\classf
Event: 9.179 Thread 0x000000002bb9e800 Exception <a 'java/lang/ClassNotFoundException': java/util/MapBeanInfo> (0x00000007246b0ab8) thrown at [C:\re\workspace\8-2-build-windows-amd64-cygwin\jdk8u144\9417\hotspot\src\share\vm\classfile\systemDictionary.cpp, line 210]
Event: 9.179 Thread 0x000000002bb9e800 Exception <a 'java/lang/ClassNotFoundException': java/util/MapCustomizer> (0x00000007246b5b00) thrown at [C:\re\workspace\8-2-build-windows-amd64-cygwin\jdk8u144\9417\hotspot\src\share\vm\classfile\systemDictionary.cpp, line 210]

Events (10 events):
Event: 9.413 loading class java/util/concurrent/ConcurrentLinkedQueue$Itr
Event: 9.413 loading class java/util/concurrent/ConcurrentLinkedQueue$Itr done
Event: 9.413 loading class org/springframework/jdbc/datasource/SmartDataSource
Event: 9.413 loading class org/springframework/jdbc/datasource/SmartDataSource done
Event: 9.413 loading class org/apache/commons/lang3/RandomUtils
Event: 9.413 loading class org/apache/commons/lang3/RandomUtils done
Event: 9.414 loading class org/apache/commons/lang3/Validate
Event: 9.414 loading class org/apache/commons/lang3/Validate done
Event: 9.417 loading class ladder/utils/EnumUtils
Event: 9.417 loading class ladder/utils/EnumUtils done


Dynamic libraries:
0x00007ff7ff740000 - 0x00007ff7ff777000 	C:\Program Files\Java\jdk1.8.0_144\bin\java.exe
0x00007ffaa0db0000 - 0x00007ffaa0f8b000 	C:\WINDOWS\SYSTEM32\ntdll.dll
0x00007ffa9e5d0000 - 0x00007ffa9e67e000 	C:\WINDOWS\System32\KERNEL32.DLL
0x00007ffa9d420000 - 0x00007ffa9d669000 	C:\WINDOWS\System32\KERNELBASE.dll
0x00007ffa9e480000 - 0x00007ffa9e521000 	C:\WINDOWS\System32\ADVAPI32.dll
0x00007ffa9f7b0000 - 0x00007ffa9f84d000 	C:\WINDOWS\System32\msvcrt.dll
0x00007ffa9f750000 - 0x00007ffa9f7a9000 	C:\WINDOWS\System32\sechost.dll
0x00007ffa9f270000 - 0x00007ffa9f395000 	C:\WINDOWS\System32\RPCRT4.dll
0x00007ffa9eec0000 - 0x00007ffa9f00a000 	C:\WINDOWS\System32\USER32.dll
0x00007ffa9db40000 - 0x00007ffa9db5e000 	C:\WINDOWS\System32\win32u.dll
0x00007ffa9e3c0000 - 0x00007ffa9e3e7000 	C:\WINDOWS\System32\GDI32.dll
0x00007ffa9d940000 - 0x00007ffa9dac7000 	C:\WINDOWS\System32\gdi32full.dll
0x00007ffa9d8a0000 - 0x00007ffa9d93a000 	C:\WINDOWS\System32\msvcp_win.dll
0x00007ffa9d320000 - 0x00007ffa9d416000 	C:\WINDOWS\System32\ucrtbase.dll
0x00007ffa8d1c0000 - 0x00007ffa8d427000 	C:\WINDOWS\WinSxS\amd64_microsoft.windows.common-controls_6595b64144ccf1df_6.0.15063.483_none_26002d27e7c744a2\COMCTL32.dll
0x00007ffa9f450000 - 0x00007ffa9f749000 	C:\WINDOWS\System32\combase.dll
0x00007ffa9dad0000 - 0x00007ffa9db3a000 	C:\WINDOWS\System32\bcryptPrimitives.dll
0x00007ffa9e540000 - 0x00007ffa9e56d000 	C:\WINDOWS\System32\IMM32.DLL
0x000000006cdc0000 - 0x000000006ce92000 	C:\Program Files\Java\jdk1.8.0_144\jre\bin\msvcr100.dll
0x000000006bac0000 - 0x000000006c35d000 	C:\Program Files\Java\jdk1.8.0_144\jre\bin\server\jvm.dll
0x00007ffa9f440000 - 0x00007ffa9f448000 	C:\WINDOWS\System32\PSAPI.DLL
0x00007ffa97ed0000 - 0x00007ffa97eda000 	C:\WINDOWS\SYSTEM32\VERSION.dll
0x00007ffa944d0000 - 0x00007ffa944f3000 	C:\WINDOWS\SYSTEM32\WINMM.dll
0x00007ffa98cd0000 - 0x00007ffa98cd9000 	C:\WINDOWS\SYSTEM32\WSOCK32.dll
0x00007ffa9e410000 - 0x00007ffa9e47c000 	C:\WINDOWS\System32\WS2_32.dll
0x00007ffa944a0000 - 0x00007ffa944cb000 	C:\WINDOWS\SYSTEM32\WINMMBASE.dll
0x00007ffa9d2d0000 - 0x00007ffa9d319000 	C:\WINDOWS\System32\cfgmgr32.dll
0x000000006df40000 - 0x000000006df4f000 	C:\Program Files\Java\jdk1.8.0_144\jre\bin\verify.dll
0x000000006df10000 - 0x000000006df39000 	C:\Program Files\Java\jdk1.8.0_144\jre\bin\java.dll
0x000000006cd90000 - 0x000000006cdb3000 	C:\Program Files\Java\jdk1.8.0_144\jre\bin\instrument.dll
0x000000006dec0000 - 0x000000006ded6000 	C:\Program Files\Java\jdk1.8.0_144\jre\bin\zip.dll
0x00007ffa9f960000 - 0x00007ffaa0d97000 	C:\WINDOWS\System32\SHELL32.dll
0x00007ffa9e310000 - 0x00007ffa9e3ba000 	C:\WINDOWS\System32\shcore.dll
0x00007ffa9dc10000 - 0x00007ffa9e301000 	C:\WINDOWS\System32\windows.storage.dll
0x00007ffa9e9c0000 - 0x00007ffa9ea11000 	C:\WINDOWS\System32\shlwapi.dll
0x00007ffa9d290000 - 0x00007ffa9d2a1000 	C:\WINDOWS\System32\kernel.appcore.dll
0x00007ffa9d240000 - 0x00007ffa9d28c000 	C:\WINDOWS\System32\powrprof.dll
0x00007ffa9d220000 - 0x00007ffa9d235000 	C:\WINDOWS\System32\profapi.dll
0x00007ffa920f0000 - 0x00007ffa9210a000 	C:\Program Files\JetBrains\IntelliJ IDEA Community Edition 2017.2.4\bin\breakgen64.dll
0x000000006cd70000 - 0x000000006cd8a000 	C:\Program Files\Java\jdk1.8.0_144\jre\bin\net.dll
0x00007ffa9cb30000 - 0x00007ffa9cb8c000 	C:\WINDOWS\system32\mswsock.dll
0x00007ffa61930000 - 0x00007ffa61bc8000 	D:\scbots\AILadderService\CasiaCenter.dll
0x000000006cd40000 - 0x000000006cd4d000 	C:\Program Files\Java\jdk1.8.0_144\jre\bin\management.dll
0x00007ffa95830000 - 0x00007ffa95856000 	C:\Program Files (x86)\Sangfor\SSL\ClientComponent\SangforNspX64.dll
0x00007ffa9e680000 - 0x00007ffa9e7c5000 	C:\WINDOWS\System32\ole32.dll
0x00007ffa9f1b0000 - 0x00007ffa9f270000 	C:\WINDOWS\System32\OLEAUT32.dll
0x00007ffa8fd80000 - 0x00007ffa8fd96000 	C:\WINDOWS\system32\napinsp.dll
0x00007ffa8f4e0000 - 0x00007ffa8f4fa000 	C:\WINDOWS\system32\pnrpnsp.dll
0x00007ffa975b0000 - 0x00007ffa975c8000 	C:\WINDOWS\system32\NLAapi.dll
0x00007ffa9c910000 - 0x00007ffa9c9b4000 	C:\WINDOWS\SYSTEM32\DNSAPI.dll
0x00007ffaa0da0000 - 0x00007ffaa0da8000 	C:\WINDOWS\System32\NSI.dll
0x00007ffa9c8d0000 - 0x00007ffa9c907000 	C:\WINDOWS\SYSTEM32\IPHLPAPI.DLL
0x00007ffa8fd70000 - 0x00007ffa8fd7e000 	C:\WINDOWS\System32\winrnr.dll
0x00007ffa8f310000 - 0x00007ffa8f325000 	C:\WINDOWS\System32\wshbth.dll
0x00007ffa94740000 - 0x00007ffa948ba000 	C:\Program Files (x86)\Sangfor\SSL\ClientComponent\SangforTcpX64.dll
0x00007ffa9d840000 - 0x00007ffa9d896000 	C:\WINDOWS\System32\WINTRUST.dll
0x00007ffa9d2b0000 - 0x00007ffa9d2c1000 	C:\WINDOWS\System32\MSASN1.dll
0x00007ffa9d670000 - 0x00007ffa9d839000 	C:\WINDOWS\System32\CRYPT32.dll
0x00007ffa95860000 - 0x00007ffa9586a000 	C:\Windows\System32\rasadhlp.dll
0x00007ffa96820000 - 0x00007ffa9688b000 	C:\WINDOWS\System32\fwpuclnt.dll
0x00007ffa9cde0000 - 0x00007ffa9ce05000 	C:\WINDOWS\SYSTEM32\bcrypt.dll
0x000000006cd50000 - 0x000000006cd61000 	C:\Program Files\Java\jdk1.8.0_144\jre\bin\nio.dll
0x00007ffa9ccd0000 - 0x00007ffa9cce7000 	C:\WINDOWS\SYSTEM32\CRYPTSP.dll
0x00007ffa9c750000 - 0x00007ffa9c784000 	C:\WINDOWS\system32\rsaenh.dll
0x00007ffa9d150000 - 0x00007ffa9d179000 	C:\WINDOWS\SYSTEM32\USERENV.dll
0x00007ffa9ccf0000 - 0x00007ffa9ccfb000 	C:\WINDOWS\SYSTEM32\CRYPTBASE.dll
0x00007ffa96fe0000 - 0x00007ffa96ff6000 	C:\WINDOWS\SYSTEM32\dhcpcsvc6.DLL
0x00007ffa96fc0000 - 0x00007ffa96fda000 	C:\WINDOWS\SYSTEM32\dhcpcsvc.DLL
0x00007ffa5fc40000 - 0x00007ffa5ff1a000 	D:\temp\b2\b2.dll
0x00007ffa5a760000 - 0x00007ffa5aa3a000 	D:\temp\b1\b1.dll

VM Arguments:
jvm_args: -javaagent:C:\Program Files\JetBrains\IntelliJ IDEA Community Edition 2017.2.4\lib\idea_rt.jar=8035:C:\Program Files\JetBrains\IntelliJ IDEA Community Edition 2017.2.4\bin -Dfile.encoding=UTF-8 
java_command: ladder.App
java_class_path (initial): C:\Program Files\Java\jdk1.8.0_144\jre\lib\charsets.jar;C:\Program Files\Java\jdk1.8.0_144\jre\lib\deploy.jar;C:\Program Files\Java\jdk1.8.0_144\jre\lib\ext\access-bridge-64.jar;C:\Program Files\Java\jdk1.8.0_144\jre\lib\ext\cldrdata.jar;C:\Program Files\Java\jdk1.8.0_144\jre\lib\ext\dnsns.jar;C:\Program Files\Java\jdk1.8.0_144\jre\lib\ext\jaccess.jar;C:\Program Files\Java\jdk1.8.0_144\jre\lib\ext\jfxrt.jar;C:\Program Files\Java\jdk1.8.0_144\jre\lib\ext\localedata.jar;C:\Program Files\Java\jdk1.8.0_144\jre\lib\ext\nashorn.jar;C:\Program Files\Java\jdk1.8.0_144\jre\lib\ext\sunec.jar;C:\Program Files\Java\jdk1.8.0_144\jre\lib\ext\sunjce_provider.jar;C:\Program Files\Java\jdk1.8.0_144\jre\lib\ext\sunmscapi.jar;C:\Program Files\Java\jdk1.8.0_144\jre\lib\ext\sunpkcs11.jar;C:\Program Files\Java\jdk1.8.0_144\jre\lib\ext\zipfs.jar;C:\Program Files\Java\jdk1.8.0_144\jre\lib\javaws.jar;C:\Program Files\Java\jdk1.8.0_144\jre\lib\jce.jar;C:\Program Files\Java\jdk1.8.0_144\jre\lib\jfr.jar;C:\Program Files\Java\jdk1.8.0_144\jre\lib\jfxswt.jar;C:\Program Files\Java\jdk1.8.0_144\jre\lib\jsse.jar;C:\Program Files\Java\jdk1.8.0_144\jre\lib\management-agent.jar;C:\Program Files\Java\jdk1.8.0_144\jre\lib\plugin.jar;C:\Program Files\Java\jdk1.8.0_144\jre\lib\resources.jar;C:\Program Files\Java\jdk1.8.0_144\jre\lib\rt.jar;D:\scbots\AILadderService\target\classes;C:\Users\Admin\.m2\repository\org\springframework\boot\spring-boot-starter\1.3.2.RELEASE\spring-boot-starter-1.3.2.RELEASE.jar;C:\Users\Admin\.m2\repository\org\springframework\boot\spring-boot\1.3.2.RELEASE\spring-boot-1.3.2.RELEASE.jar;C:\Users\Admin\.m2\repository\org\springframework\spring-context\4.2.4.RELEASE\spring-context-4.2.4.RELEASE.jar;C:\Users\Admin\.m2\repository\org\springframework\boot\spring-boot-autoconfigure\1.3.2.RELEASE\spring-boot-autoconfigure-1.3.2.RELEASE.jar;C:\Users\Admin\.m2\repository\org\springframework\boot\spring-boot-starter-logging\1.3.2.RELEASE\spring-boot-starter-lo
Launcher Type: SUN_STANDARD

Environment Variables:
USERNAME=Admin
OS=Windows_NT
PROCESSOR_IDENTIFIER=Intel64 Family 6 Model 158 Stepping 9, GenuineIntel



---------------  S Y S T E M  ---------------

OS: Windows 10.0 , 64 bit Build 15063 (10.0.15063.296)

CPU:total 8 (initial active 8) (4 cores per cpu, 2 threads per core) family 6 model 158 stepping 9, cmov, cx8, fxsr, mmx, sse, sse2, sse3, ssse3, sse4.1, sse4.2, popcnt, avx, avx2, aes, clmul, erms, rtm, 3dnowpref, lzcnt, ht, tsc, tscinvbit, bmi1, bmi2, adx

Memory: 4k page, physical 33471836k(11381440k free), swap 38452572k(10116980k free)

vm_info: Java HotSpot(TM) 64-Bit Server VM (25.144-b01) for windows-amd64 JRE (1.8.0_144-b01), built on Jul 21 2017 21:57:33 by "java_re" with MS VC++ 10.0 (VS2010)

time: Fri Dec 01 14:27:50 2017
elapsed time: 9 seconds (0d 0h 0m 9s)

