#
# A fatal error has been detected by the Java Runtime Environment:
#
#  EXCEPTION_ACCESS_VIOLATION (0xc0000005) at pc=0x000000006bc05b22, pid=1136, tid=0x0000000000004600
#
# JRE version: Java(TM) SE Runtime Environment (8.0_144-b01) (build 1.8.0_144-b01)
# Java VM: Java HotSpot(TM) 64-Bit Server VM (25.144-b01 mixed mode windows-amd64 compressed oops)
# Problematic frame:
# V  [jvm.dll+0x145b22]
#
# Failed to write core dump. Minidumps are not enabled by default on client versions of Windows
#
# If you would like to submit a bug report, please visit:
#   http://bugreport.java.com/bugreport/crash.jsp
#

---------------  T H R E A D  ---------------

Current thread (0x000000002c274800):  JavaThread "pool-1-thread-1" [_thread_in_vm, id=17920, stack(0x00000000311d0000,0x00000000312d0000)]

siginfo: ExceptionCode=0xc0000005, reading address 0x0000000000000118

Registers:
RAX=0x0000000000000000, RBX=0x000000002c274800, RCX=0x0000000000000480, RDX=0x0000000000000118
RSP=0x00000000312ce830, RBP=0x0000000000000000, RSI=0x0000000000000000, RDI=0x0000000000000118
R8 =0x0000000000000000, R9 =0x000000006c261d50, R10=0x000000002a7bfe64, R11=0x00000005c1fd33b8
R12=0x000000002a7bf870, R13=0x000000002f18c150, R14=0x000000002a7bfd50, R15=0x000000002f18c140
RIP=0x000000006bc05b22, EFLAGS=0x0000000000010202

Top of Stack: (sp=0x00000000312ce830)
0x00000000312ce830:   00000005c1fd3368 000000002a7bfe50
0x00000000312ce840:   0000000000000014 000000002f18c150
0x00000000312ce850:   000000002c274800 0000000000000000
0x00000000312ce860:   00000000312ce810 00000000035c16a0
0x00000000312ce870:   0000000000000000 0000000000000000
0x00000000312ce880:   0000000000000000 0000000000000000
0x00000000312ce890:   0000000000000000 0000000000000000
0x00000000312ce8a0:   000000002c2749f8 00007ffa6193df63
0x00000000312ce8b0:   00000000312ce9b0 000000002a727140
0x00000000312ce8c0:   000000002a7bf870 00000000312ceb60
0x00000000312ce8d0:   0000000000000000 0000000000000000
0x00000000312ce8e0:   0000000000000000 0000000000000000
0x00000000312ce8f0:   0000000000000000 0000000000020000
0x00000000312ce900:   000000002a7bfe50 0000000000000000
0x00000000312ce910:   0000000000000000 00000000035c16a0
0x00000000312ce920:   0000000000000400 00000000312ce938 

Instructions: (pc=0x000000006bc05b22)
0x000000006bc05b02:   89 5c 24 20 48 89 74 24 28 48 39 73 08 74 0a 48
0x000000006bc05b12:   8d 4c 24 20 e8 85 62 13 00 40 38 35 be 89 6c 00
0x000000006bc05b22:   48 8b 3f 48 63 05 a0 e9 6a 00 74 1b 8b 0c 38 85
0x000000006bc05b32:   c9 74 7c 8b c1 8b 0d 5b bc 65 00 48 d3 e0 48 03 


Register to memory mapping:

RAX=0x0000000000000000 is an unknown value
RBX=0x000000002c274800 is a thread
RCX=0x0000000000000480 is an unknown value
RDX=0x0000000000000118 is an unknown value
RSP=0x00000000312ce830 is pointing into the stack for thread: 0x000000002c274800
RBP=0x0000000000000000 is an unknown value
RSI=0x0000000000000000 is an unknown value
RDI=0x0000000000000118 is an unknown value
R8 =0x0000000000000000 is an unknown value
R9 =0x000000006c261d50 is an unknown value
R10=0x000000002a7bfe64 is an unknown value
R11=0x00000005c1fd33b8 is an oop
java.util.concurrent.ConcurrentHashMap$Node 
 - klass: 'java/util/concurrent/ConcurrentHashMap$Node'
R12=0x000000002a7bf870 is an unknown value
R13=0x000000002f18c150 is an unknown value
R14=0x000000002a7bfd50 is an unknown value
R15=0x000000002f18c140 is an unknown value


Stack: [0x00000000311d0000,0x00000000312d0000],  sp=0x00000000312ce830,  free space=1018k
Native frames: (J=compiled Java code, j=interpreted, Vv=VM code, C=native code)

Java frames: (J=compiled Java code, j=interpreted, Vv=VM code)
j  ladder.service.MatchService.match(Ljava/lang/String;Ljava/lang/String;Ljava/lang/String;Ljava/lang/String;Ljava/lang/String;Ljava/lang/String;Ljava/lang/String;)I+0
j  ladder.service.ScheduledTask.match()V+198
v  ~StubRoutines::call_stub
J 2057  sun.reflect.NativeMethodAccessorImpl.invoke0(Ljava/lang/reflect/Method;Ljava/lang/Object;[Ljava/lang/Object;)Ljava/lang/Object; (0 bytes) @ 0x0000000003ccb63f [0x0000000003ccb5c0+0x7f]
J 2056 C1 sun.reflect.NativeMethodAccessorImpl.invoke(Ljava/lang/Object;[Ljava/lang/Object;)Ljava/lang/Object; (104 bytes) @ 0x0000000003ce3dbc [0x0000000003ce2bc0+0x11fc]
J 2877 C2 java.lang.reflect.Method.invoke(Ljava/lang/Object;[Ljava/lang/Object;)Ljava/lang/Object; (62 bytes) @ 0x00000000040732c8 [0x0000000004073220+0xa8]
j  org.springframework.scheduling.support.ScheduledMethodRunnable.run()V+19
j  org.springframework.scheduling.support.DelegatingErrorHandlingRunnable.run()V+4
j  org.springframework.scheduling.concurrent.ReschedulingRunnable.run()V+9
j  java.util.concurrent.Executors$RunnableAdapter.call()Ljava/lang/Object;+4
j  java.util.concurrent.FutureTask.run()V+42
j  java.util.concurrent.ScheduledThreadPoolExecutor$ScheduledFutureTask.access$201(Ljava/util/concurrent/ScheduledThreadPoolExecutor$ScheduledFutureTask;)V+1
j  java.util.concurrent.ScheduledThreadPoolExecutor$ScheduledFutureTask.run()V+30
j  java.util.concurrent.ThreadPoolExecutor.runWorker(Ljava/util/concurrent/ThreadPoolExecutor$Worker;)V+95
j  java.util.concurrent.ThreadPoolExecutor$Worker.run()V+5
j  java.lang.Thread.run()V+11
v  ~StubRoutines::call_stub

---------------  P R O C E S S  ---------------

Java Threads: ( => current thread )
  0x000000002e125800 JavaThread "Abandoned connection cleanup thread" daemon [_thread_blocked, id=5916, stack(0x0000000031a20000,0x0000000031b20000)]
  0x000000002e124800 JavaThread "Tomcat JDBC Pool Cleaner[414493378:1512109400034]" daemon [_thread_blocked, id=9172, stack(0x0000000031920000,0x0000000031a20000)]
  0x000000002e127000 JavaThread "DestroyJavaVM" [_thread_blocked, id=9468, stack(0x0000000002ea0000,0x0000000002fa0000)]
  0x000000002c00c800 JavaThread "http-nio-8080-Acceptor-0" daemon [_thread_in_native, id=8448, stack(0x0000000031820000,0x0000000031920000)]
  0x000000002e563000 JavaThread "http-nio-8080-ClientPoller-1" daemon [_thread_in_native, id=11940, stack(0x0000000031720000,0x0000000031820000)]
  0x000000002e562000 JavaThread "http-nio-8080-ClientPoller-0" daemon [_thread_in_native, id=8296, stack(0x0000000031620000,0x0000000031720000)]
  0x000000002ee1c000 JavaThread "NioBlockingSelector.BlockPoller-1" daemon [_thread_in_native, id=13660, stack(0x0000000031420000,0x0000000031520000)]
=>0x000000002c274800 JavaThread "pool-1-thread-1" [_thread_in_vm, id=17920, stack(0x00000000311d0000,0x00000000312d0000)]
  0x000000002cb9d000 JavaThread "container-0" [_thread_blocked, id=19532, stack(0x0000000030880000,0x0000000030980000)]
  0x000000002e883000 JavaThread "ContainerBackgroundProcessor[StandardEngine[Tomcat].StandardHost[localhost].StandardContext[]]" daemon [_thread_blocked, id=868, stack(0x00000000304c0000,0x00000000305c0000)]
  0x000000002d939000 JavaThread "localhost-startStop-1" daemon [_thread_blocked, id=21660, stack(0x00000000303c0000,0x00000000304c0000)]
  0x000000002e565800 JavaThread "Tomcat-startStop-1" daemon [_thread_blocked, id=16452, stack(0x000000002dd80000,0x000000002de80000)]
  0x0000000028869000 JavaThread "Service Thread" daemon [_thread_blocked, id=22888, stack(0x0000000029210000,0x0000000029310000)]
  0x0000000028720000 JavaThread "C1 CompilerThread3" daemon [_thread_blocked, id=6780, stack(0x0000000029110000,0x0000000029210000)]
  0x000000002871f000 JavaThread "C2 CompilerThread2" daemon [_thread_blocked, id=20452, stack(0x0000000029010000,0x0000000029110000)]
  0x00000000287bc000 JavaThread "C2 CompilerThread1" daemon [_thread_blocked, id=11352, stack(0x0000000028f10000,0x0000000029010000)]
  0x00000000287bb000 JavaThread "C2 CompilerThread0" daemon [_thread_blocked, id=16368, stack(0x0000000028e10000,0x0000000028f10000)]
  0x0000000028753800 JavaThread "Monitor Ctrl-Break" daemon [_thread_in_native, id=4808, stack(0x0000000028d10000,0x0000000028e10000)]
  0x000000002853c800 JavaThread "Attach Listener" daemon [_thread_blocked, id=18824, stack(0x0000000028c00000,0x0000000028d00000)]
  0x00000000284e6800 JavaThread "Signal Dispatcher" daemon [_thread_blocked, id=17016, stack(0x0000000028b00000,0x0000000028c00000)]
  0x000000000355e000 JavaThread "Finalizer" daemon [_thread_blocked, id=9504, stack(0x00000000288a0000,0x00000000289a0000)]
  0x000000000355c800 JavaThread "Reference Handler" daemon [_thread_blocked, id=9164, stack(0x00000000283a0000,0x00000000284a0000)]

Other Threads:
  0x00000000265ba000 VMThread [stack: 0x00000000282a0000,0x00000000283a0000] [id=5076]
  0x00000000293a2000 WatcherThread [stack: 0x0000000029b10000,0x0000000029c10000] [id=14896]

VM state:not at safepoint (normal execution)

VM Mutex/Monitor currently owned by a thread: None

Heap:
 PSYoungGen      total 284672K, used 14076K [0x0000000715c00000, 0x0000000732180000, 0x00000007c0000000)
  eden space 263168K, 5% used [0x0000000715c00000,0x00000007169bf3d8,0x0000000725d00000)
  from space 21504K, 0% used [0x0000000725d00000,0x0000000725d00000,0x0000000727200000)
  to   space 21504K, 0% used [0x0000000730c80000,0x0000000730c80000,0x0000000732180000)
 ParOldGen       total 260608K, used 24790K [0x00000005c1400000, 0x00000005d1280000, 0x0000000715c00000)
  object space 260608K, 9% used [0x00000005c1400000,0x00000005c2c35960,0x00000005d1280000)
 Metaspace       used 35903K, capacity 36288K, committed 36648K, reserved 1081344K
  class space    used 4374K, capacity 4477K, committed 4480K, reserved 1048576K

Card table byte_map: [0x0000000012920000,0x0000000013920000] byte_map_base: 0x000000000fb16000

Marking Bits: (ParMarkBitMap*) 0x000000006c2dd850
 Begin Bits: [0x0000000014bd0000, 0x000000001cb80000)
 End Bits:   [0x000000001cb80000, 0x0000000024b30000)

Polling page: 0x00000000016c0000

CodeCache: size=245760Kb used=15228Kb max_used=15250Kb free=230531Kb
 bounds [0x0000000003560000, 0x0000000004450000, 0x0000000012560000]
 total_blobs=4405 nmethods=3920 adapters=396
 compilation: enabled

Compilation events (10 events):
Event: 7.166 Thread 0x00000000287bb000 3946       4       java.util.ArrayList::indexOf (67 bytes)
Event: 7.166 Thread 0x0000000028720000 nmethod 3941 0x0000000004440290 code [0x0000000004440420, 0x0000000004440878]
Event: 7.166 Thread 0x0000000028720000 3943   !   3       java.nio.charset.CharsetDecoder::decode (287 bytes)
Event: 7.166 Thread 0x000000002871f000 3945       4       java.lang.ThreadLocal$ThreadLocalMap::getEntry (42 bytes)
Event: 7.167 Thread 0x0000000028720000 nmethod 3943 0x0000000004440a50 code [0x0000000004440d20, 0x00000000044424b8]
Event: 7.167 Thread 0x0000000028720000 3948       3       sun.nio.cs.UTF_8$Decoder::decodeLoop (28 bytes)
Event: 7.167 Thread 0x0000000028720000 nmethod 3948 0x0000000004442e50 code [0x0000000004442fe0, 0x0000000004443518]
Event: 7.167 Thread 0x0000000028720000 3942       3       java.nio.HeapCharBuffer::<init> (13 bytes)
Event: 7.167 Thread 0x0000000028720000 nmethod 3942 0x0000000004443690 code [0x0000000004443800, 0x0000000004443ac8]
Event: 7.167 Thread 0x0000000028720000 3947   !   3       java.nio.HeapCharBuffer::toString (30 bytes)

GC Heap History (10 events):
Event: 0.802 GC heap before
{Heap before GC invocations=1 (full 0):
 PSYoungGen      total 153088K, used 131584K [0x0000000715c00000, 0x0000000720680000, 0x00000007c0000000)
  eden space 131584K, 100% used [0x0000000715c00000,0x000000071dc80000,0x000000071dc80000)
  from space 21504K, 0% used [0x000000071f180000,0x000000071f180000,0x0000000720680000)
  to   space 21504K, 0% used [0x000000071dc80000,0x000000071dc80000,0x000000071f180000)
 ParOldGen       total 349696K, used 0K [0x00000005c1400000, 0x00000005d6980000, 0x0000000715c00000)
  object space 349696K, 0% used [0x00000005c1400000,0x00000005c1400000,0x00000005d6980000)
 Metaspace       used 17791K, capacity 18028K, committed 18176K, reserved 1064960K
  class space    used 2178K, capacity 2227K, committed 2304K, reserved 1048576K
Event: 0.851 GC heap after
Heap after GC invocations=1 (full 0):
 PSYoungGen      total 153088K, used 17531K [0x0000000715c00000, 0x0000000728700000, 0x00000007c0000000)
  eden space 131584K, 0% used [0x0000000715c00000,0x0000000715c00000,0x000000071dc80000)
  from space 21504K, 81% used [0x000000071dc80000,0x000000071ed9ee98,0x000000071f180000)
  to   space 21504K, 0% used [0x0000000727200000,0x0000000727200000,0x0000000728700000)
 ParOldGen       total 349696K, used 80K [0x00000005c1400000, 0x00000005d6980000, 0x0000000715c00000)
  object space 349696K, 0% used [0x00000005c1400000,0x00000005c1414010,0x00000005d6980000)
 Metaspace       used 17791K, capacity 18028K, committed 18176K, reserved 1064960K
  class space    used 2178K, capacity 2227K, committed 2304K, reserved 1048576K
}
Event: 1.226 GC heap before
{Heap before GC invocations=2 (full 0):
 PSYoungGen      total 153088K, used 81369K [0x0000000715c00000, 0x0000000728700000, 0x00000007c0000000)
  eden space 131584K, 48% used [0x0000000715c00000,0x0000000719a57668,0x000000071dc80000)
  from space 21504K, 81% used [0x000000071dc80000,0x000000071ed9ee98,0x000000071f180000)
  to   space 21504K, 0% used [0x0000000727200000,0x0000000727200000,0x0000000728700000)
 ParOldGen       total 349696K, used 80K [0x00000005c1400000, 0x00000005d6980000, 0x0000000715c00000)
  object space 349696K, 0% used [0x00000005c1400000,0x00000005c1414010,0x00000005d6980000)
 Metaspace       used 20961K, capacity 21142K, committed 21296K, reserved 1069056K
  class space    used 2574K, capacity 2618K, committed 2688K, reserved 1048576K
Event: 1.233 GC heap after
Heap after GC invocations=2 (full 0):
 PSYoungGen      total 284672K, used 12389K [0x0000000715c00000, 0x0000000728700000, 0x00000007c0000000)
  eden space 263168K, 0% used [0x0000000715c00000,0x0000000715c00000,0x0000000725d00000)
  from space 21504K, 57% used [0x0000000727200000,0x0000000727e196e8,0x0000000728700000)
  to   space 21504K, 0% used [0x0000000725d00000,0x0000000725d00000,0x0000000727200000)
 ParOldGen       total 349696K, used 96K [0x00000005c1400000, 0x00000005d6980000, 0x0000000715c00000)
  object space 349696K, 0% used [0x00000005c1400000,0x00000005c1418010,0x00000005d6980000)
 Metaspace       used 20961K, capacity 21142K, committed 21296K, reserved 1069056K
  class space    used 2574K, capacity 2618K, committed 2688K, reserved 1048576K
}
Event: 1.233 GC heap before
{Heap before GC invocations=3 (full 1):
 PSYoungGen      total 284672K, used 12389K [0x0000000715c00000, 0x0000000728700000, 0x00000007c0000000)
  eden space 263168K, 0% used [0x0000000715c00000,0x0000000715c00000,0x0000000725d00000)
  from space 21504K, 57% used [0x0000000727200000,0x0000000727e196e8,0x0000000728700000)
  to   space 21504K, 0% used [0x0000000725d00000,0x0000000725d00000,0x0000000727200000)
 ParOldGen       total 349696K, used 96K [0x00000005c1400000, 0x00000005d6980000, 0x0000000715c00000)
  object space 349696K, 0% used [0x00000005c1400000,0x00000005c1418010,0x00000005d6980000)
 Metaspace       used 20961K, capacity 21142K, committed 21296K, reserved 1069056K
  class space    used 2574K, capacity 2618K, committed 2688K, reserved 1048576K
Event: 1.253 GC heap after
Heap after GC invocations=3 (full 1):
 PSYoungGen      total 284672K, used 0K [0x0000000715c00000, 0x0000000728700000, 0x00000007c0000000)
  eden space 263168K, 0% used [0x0000000715c00000,0x0000000715c00000,0x0000000725d00000)
  from space 21504K, 0% used [0x0000000727200000,0x0000000727200000,0x0000000728700000)
  to   space 21504K, 0% used [0x0000000725d00000,0x0000000725d00000,0x0000000727200000)
 ParOldGen       total 185344K, used 12082K [0x00000005c1400000, 0x00000005cc900000, 0x0000000715c00000)
  object space 185344K, 6% used [0x00000005c1400000,0x00000005c1fcca00,0x00000005cc900000)
 Metaspace       used 20961K, capacity 21142K, committed 21296K, reserved 1069056K
  class space    used 2574K, capacity 2618K, committed 2688K, reserved 1048576K
}
Event: 6.966 GC heap before
{Heap before GC invocations=4 (full 1):
 PSYoungGen      total 284672K, used 248191K [0x0000000715c00000, 0x0000000728700000, 0x00000007c0000000)
  eden space 263168K, 94% used [0x0000000715c00000,0x0000000724e5fd18,0x0000000725d00000)
  from space 21504K, 0% used [0x0000000727200000,0x0000000727200000,0x0000000728700000)
  to   space 21504K, 0% used [0x0000000725d00000,0x0000000725d00000,0x0000000727200000)
 ParOldGen       total 185344K, used 12082K [0x00000005c1400000, 0x00000005cc900000, 0x0000000715c00000)
  object space 185344K, 6% used [0x00000005c1400000,0x00000005c1fcca00,0x00000005cc900000)
 Metaspace       used 35005K, capacity 35304K, committed 35496K, reserved 1081344K
  class space    used 4264K, capacity 4345K, committed 4352K, reserved 1048576K
Event: 6.974 GC heap after
Heap after GC invocations=4 (full 1):
 PSYoungGen      total 284672K, used 17176K [0x0000000715c00000, 0x0000000732180000, 0x00000007c0000000)
  eden space 263168K, 0% used [0x0000000715c00000,0x0000000715c00000,0x0000000725d00000)
  from space 21504K, 79% used [0x0000000725d00000,0x0000000726dc6000,0x0000000727200000)
  to   space 21504K, 0% used [0x0000000730c80000,0x0000000730c80000,0x0000000732180000)
 ParOldGen       total 185344K, used 12090K [0x00000005c1400000, 0x00000005cc900000, 0x0000000715c00000)
  object space 185344K, 6% used [0x00000005c1400000,0x00000005c1fcea00,0x00000005cc900000)
 Metaspace       used 35005K, capacity 35304K, committed 35496K, reserved 1081344K
  class space    used 4264K, capacity 4345K, committed 4352K, reserved 1048576K
}
Event: 6.974 GC heap before
{Heap before GC invocations=5 (full 2):
 PSYoungGen      total 284672K, used 17176K [0x0000000715c00000, 0x0000000732180000, 0x00000007c0000000)
  eden space 263168K, 0% used [0x0000000715c00000,0x0000000715c00000,0x0000000725d00000)
  from space 21504K, 79% used [0x0000000725d00000,0x0000000726dc6000,0x0000000727200000)
  to   space 21504K, 0% used [0x0000000730c80000,0x0000000730c80000,0x0000000732180000)
 ParOldGen       total 185344K, used 12090K [0x00000005c1400000, 0x00000005cc900000, 0x0000000715c00000)
  object space 185344K, 6% used [0x00000005c1400000,0x00000005c1fcea00,0x00000005cc900000)
 Metaspace       used 35005K, capacity 35304K, committed 35496K, reserved 1081344K
  class space    used 4264K, capacity 4345K, committed 4352K, reserved 1048576K
Event: 7.038 GC heap after
Heap after GC invocations=5 (full 2):
 PSYoungGen      total 284672K, used 0K [0x0000000715c00000, 0x0000000732180000, 0x00000007c0000000)
  eden space 263168K, 0% used [0x0000000715c00000,0x0000000715c00000,0x0000000725d00000)
  from space 21504K, 0% used [0x0000000725d00000,0x0000000725d00000,0x0000000727200000)
  to   space 21504K, 0% used [0x0000000730c80000,0x0000000730c80000,0x0000000732180000)
 ParOldGen       total 260608K, used 24790K [0x00000005c1400000, 0x00000005d1280000, 0x0000000715c00000)
  object space 260608K, 9% used [0x00000005c1400000,0x00000005c2c35960,0x00000005d1280000)
 Metaspace       used 35005K, capacity 35304K, committed 35496K, reserved 1081344K
  class space    used 4264K, capacity 4345K, committed 4352K, reserved 1048576K
}

Deoptimization events (10 events):
Event: 2.141 Thread 0x0000000003465800 Uncommon trap: reason=predicate action=maybe_recompile pc=0x00000000038feb8c method=java.lang.String.regionMatches(ZILjava/lang/String;II)Z @ 63
Event: 2.194 Thread 0x0000000003465800 Uncommon trap: reason=class_check action=maybe_recompile pc=0x000000000407b9a8 method=java.lang.reflect.Executable.getAnnotation(Ljava/lang/Class;)Ljava/lang/annotation/Annotation; @ 19
Event: 2.194 Thread 0x0000000003465800 Uncommon trap: reason=class_check action=maybe_recompile pc=0x000000000407b9a8 method=java.lang.reflect.Executable.getAnnotation(Ljava/lang/Class;)Ljava/lang/annotation/Annotation; @ 19
Event: 2.194 Thread 0x0000000003465800 Uncommon trap: reason=class_check action=maybe_recompile pc=0x000000000407b9a8 method=java.lang.reflect.Executable.getAnnotation(Ljava/lang/Class;)Ljava/lang/annotation/Annotation; @ 19
Event: 2.194 Thread 0x0000000003465800 Uncommon trap: reason=class_check action=maybe_recompile pc=0x000000000407b9a8 method=java.lang.reflect.Executable.getAnnotation(Ljava/lang/Class;)Ljava/lang/annotation/Annotation; @ 19
Event: 2.339 Thread 0x0000000003465800 Uncommon trap: reason=unstable_if action=reinterpret pc=0x0000000003fba2a0 method=java.lang.Class$MethodArray.addIfNotPresent(Ljava/lang/reflect/Method;)V @ 19
Event: 2.340 Thread 0x0000000003465800 Uncommon trap: reason=unstable_if action=reinterpret pc=0x00000000042c704c method=org.springframework.util.ReflectionUtils.getDeclaredMethods(Ljava/lang/Class;)[Ljava/lang/reflect/Method; @ 28
Event: 2.385 Thread 0x0000000003465800 Uncommon trap: reason=unstable_if action=reinterpret pc=0x0000000003d5df14 method=org.springframework.util.ConcurrentReferenceHashMap$Segment.clear()V @ 4
Event: 6.929 Thread 0x000000002c274800 Uncommon trap: reason=unstable_if action=reinterpret pc=0x00000000038271c8 method=sun.nio.cs.UTF_8$Decoder.decode([BII[C)I @ 30
Event: 6.961 Thread 0x000000002c274800 Uncommon trap: reason=unstable_if action=reinterpret pc=0x000000000433cbc8 method=java.util.TreeMap.put(Ljava/lang/Object;Ljava/lang/Object;)Ljava/lang/Object; @ 163

Internal exceptions (10 events):
Event: 2.310 Thread 0x0000000003465800 Exception <a 'java/lang/ClassNotFoundException': java/lang/ObjectCustomizer> (0x0000000722598240) thrown at [C:\re\workspace\8-2-build-windows-amd64-cygwin\jdk8u144\9417\hotspot\src\share\vm\classfile\systemDictionary.cpp, line 210]
Event: 2.310 Thread 0x0000000003465800 Exception <a 'java/lang/ClassNotFoundException': org/springframework/boot/autoconfigure/transaction/TransactionAutoConfigurationCustomizer> (0x00000007225b2540) thrown at [C:\re\workspace\8-2-build-windows-amd64-cygwin\jdk8u144\9417\hotspot\src\share\vm\c
Event: 2.311 Thread 0x0000000003465800 Exception <a 'java/lang/ClassNotFoundException': org/springframework/boot/autoconfigure/transaction/TransactionAutoConfiguration$$EnhancerBySpringCGLIB$$66857bfcCustomizer> (0x00000007225d0c98) thrown at [C:\re\workspace\8-2-build-windows-amd64-cygwin\jdk
Event: 2.314 Thread 0x0000000003465800 Exception <a 'java/lang/ClassNotFoundException': java/lang/ObjectCustomizer> (0x00000007226612d8) thrown at [C:\re\workspace\8-2-build-windows-amd64-cygwin\jdk8u144\9417\hotspot\src\share\vm\classfile\systemDictionary.cpp, line 210]
Event: 2.314 Thread 0x0000000003465800 Exception <a 'java/lang/ClassNotFoundException': org/springframework/transaction/support/DefaultTransactionDefinitionCustomizer> (0x0000000722679528) thrown at [C:\re\workspace\8-2-build-windows-amd64-cygwin\jdk8u144\9417\hotspot\src\share\vm\classfile\sy
Event: 2.314 Thread 0x0000000003465800 Exception <a 'java/lang/ClassNotFoundException': org/springframework/transaction/support/TransactionTemplateCustomizer> (0x000000072269f5a8) thrown at [C:\re\workspace\8-2-build-windows-amd64-cygwin\jdk8u144\9417\hotspot\src\share\vm\classfile\systemDicti
Event: 2.316 Thread 0x0000000003465800 Exception <a 'java/lang/ClassNotFoundException': java/lang/ObjectCustomizer> (0x00000007226d08c0) thrown at [C:\re\workspace\8-2-build-windows-amd64-cygwin\jdk8u144\9417\hotspot\src\share\vm\classfile\systemDictionary.cpp, line 210]
Event: 2.316 Thread 0x0000000003465800 Exception <a 'java/lang/ClassNotFoundException': org/springframework/web/multipart/support/StandardServletMultipartResolverCustomizer> (0x00000007226e9e78) thrown at [C:\re\workspace\8-2-build-windows-amd64-cygwin\jdk8u144\9417\hotspot\src\share\vm\classf
Event: 6.915 Thread 0x000000002c274800 Exception <a 'java/lang/ClassNotFoundException': java/util/MapBeanInfo> (0x00000007246bd598) thrown at [C:\re\workspace\8-2-build-windows-amd64-cygwin\jdk8u144\9417\hotspot\src\share\vm\classfile\systemDictionary.cpp, line 210]
Event: 6.916 Thread 0x000000002c274800 Exception <a 'java/lang/ClassNotFoundException': java/util/MapCustomizer> (0x00000007246c25e0) thrown at [C:\re\workspace\8-2-build-windows-amd64-cygwin\jdk8u144\9417\hotspot\src\share\vm\classfile\systemDictionary.cpp, line 210]

Events (10 events):
Event: 7.164 loading class java/util/concurrent/ConcurrentLinkedQueue$Itr
Event: 7.164 loading class java/util/concurrent/ConcurrentLinkedQueue$Itr done
Event: 7.164 loading class org/springframework/jdbc/datasource/SmartDataSource
Event: 7.164 loading class org/springframework/jdbc/datasource/SmartDataSource done
Event: 7.164 loading class org/apache/commons/lang3/RandomUtils
Event: 7.164 loading class org/apache/commons/lang3/RandomUtils done
Event: 7.165 loading class org/apache/commons/lang3/Validate
Event: 7.165 loading class org/apache/commons/lang3/Validate done
Event: 7.167 loading class ladder/utils/EnumUtils
Event: 7.167 loading class ladder/utils/EnumUtils done


Dynamic libraries:
0x00007ff7ff740000 - 0x00007ff7ff777000 	C:\Program Files\Java\jdk1.8.0_144\bin\java.exe
0x00007ffaa0db0000 - 0x00007ffaa0f8b000 	C:\WINDOWS\SYSTEM32\ntdll.dll
0x00007ffa9e5d0000 - 0x00007ffa9e67e000 	C:\WINDOWS\System32\KERNEL32.DLL
0x00007ffa9d420000 - 0x00007ffa9d669000 	C:\WINDOWS\System32\KERNELBASE.dll
0x00007ffa9e480000 - 0x00007ffa9e521000 	C:\WINDOWS\System32\ADVAPI32.dll
0x00007ffa9f7b0000 - 0x00007ffa9f84d000 	C:\WINDOWS\System32\msvcrt.dll
0x00007ffa9f750000 - 0x00007ffa9f7a9000 	C:\WINDOWS\System32\sechost.dll
0x00007ffa9f270000 - 0x00007ffa9f395000 	C:\WINDOWS\System32\RPCRT4.dll
0x00007ffa9eec0000 - 0x00007ffa9f00a000 	C:\WINDOWS\System32\USER32.dll
0x00007ffa9db40000 - 0x00007ffa9db5e000 	C:\WINDOWS\System32\win32u.dll
0x00007ffa9e3c0000 - 0x00007ffa9e3e7000 	C:\WINDOWS\System32\GDI32.dll
0x00007ffa9d940000 - 0x00007ffa9dac7000 	C:\WINDOWS\System32\gdi32full.dll
0x00007ffa9d8a0000 - 0x00007ffa9d93a000 	C:\WINDOWS\System32\msvcp_win.dll
0x00007ffa9d320000 - 0x00007ffa9d416000 	C:\WINDOWS\System32\ucrtbase.dll
0x00007ffa8d1c0000 - 0x00007ffa8d427000 	C:\WINDOWS\WinSxS\amd64_microsoft.windows.common-controls_6595b64144ccf1df_6.0.15063.483_none_26002d27e7c744a2\COMCTL32.dll
0x00007ffa9f450000 - 0x00007ffa9f749000 	C:\WINDOWS\System32\combase.dll
0x00007ffa9dad0000 - 0x00007ffa9db3a000 	C:\WINDOWS\System32\bcryptPrimitives.dll
0x00007ffa9e540000 - 0x00007ffa9e56d000 	C:\WINDOWS\System32\IMM32.DLL
0x000000006cdc0000 - 0x000000006ce92000 	C:\Program Files\Java\jdk1.8.0_144\jre\bin\msvcr100.dll
0x000000006bac0000 - 0x000000006c35d000 	C:\Program Files\Java\jdk1.8.0_144\jre\bin\server\jvm.dll
0x00007ffa9f440000 - 0x00007ffa9f448000 	C:\WINDOWS\System32\PSAPI.DLL
0x00007ffa944d0000 - 0x00007ffa944f3000 	C:\WINDOWS\SYSTEM32\WINMM.dll
0x00007ffa98cd0000 - 0x00007ffa98cd9000 	C:\WINDOWS\SYSTEM32\WSOCK32.dll
0x00007ffa97ed0000 - 0x00007ffa97eda000 	C:\WINDOWS\SYSTEM32\VERSION.dll
0x00007ffa9e410000 - 0x00007ffa9e47c000 	C:\WINDOWS\System32\WS2_32.dll
0x00007ffa944a0000 - 0x00007ffa944cb000 	C:\WINDOWS\SYSTEM32\WINMMBASE.dll
0x00007ffa9d2d0000 - 0x00007ffa9d319000 	C:\WINDOWS\System32\cfgmgr32.dll
0x000000006df40000 - 0x000000006df4f000 	C:\Program Files\Java\jdk1.8.0_144\jre\bin\verify.dll
0x000000006df10000 - 0x000000006df39000 	C:\Program Files\Java\jdk1.8.0_144\jre\bin\java.dll
0x000000006cd90000 - 0x000000006cdb3000 	C:\Program Files\Java\jdk1.8.0_144\jre\bin\instrument.dll
0x000000006dec0000 - 0x000000006ded6000 	C:\Program Files\Java\jdk1.8.0_144\jre\bin\zip.dll
0x00007ffa9f960000 - 0x00007ffaa0d97000 	C:\WINDOWS\System32\SHELL32.dll
0x00007ffa9e310000 - 0x00007ffa9e3ba000 	C:\WINDOWS\System32\shcore.dll
0x00007ffa9dc10000 - 0x00007ffa9e301000 	C:\WINDOWS\System32\windows.storage.dll
0x00007ffa9e9c0000 - 0x00007ffa9ea11000 	C:\WINDOWS\System32\shlwapi.dll
0x00007ffa9d290000 - 0x00007ffa9d2a1000 	C:\WINDOWS\System32\kernel.appcore.dll
0x00007ffa9d240000 - 0x00007ffa9d28c000 	C:\WINDOWS\System32\powrprof.dll
0x00007ffa9d220000 - 0x00007ffa9d235000 	C:\WINDOWS\System32\profapi.dll
0x00007ffa93920000 - 0x00007ffa9393a000 	C:\Program Files\JetBrains\IntelliJ IDEA Community Edition 2017.2.4\bin\breakgen64.dll
0x000000006cd70000 - 0x000000006cd8a000 	C:\Program Files\Java\jdk1.8.0_144\jre\bin\net.dll
0x00007ffa9cb30000 - 0x00007ffa9cb8c000 	C:\WINDOWS\system32\mswsock.dll
0x00007ffa61930000 - 0x00007ffa61bc8000 	D:\scbots\AILadderService\CasiaCenter.dll
0x000000006cd40000 - 0x000000006cd4d000 	C:\Program Files\Java\jdk1.8.0_144\jre\bin\management.dll
0x00007ffa95830000 - 0x00007ffa95856000 	C:\Program Files (x86)\Sangfor\SSL\ClientComponent\SangforNspX64.dll
0x00007ffa9e680000 - 0x00007ffa9e7c5000 	C:\WINDOWS\System32\ole32.dll
0x00007ffa9f1b0000 - 0x00007ffa9f270000 	C:\WINDOWS\System32\OLEAUT32.dll
0x00007ffa8fd80000 - 0x00007ffa8fd96000 	C:\WINDOWS\system32\napinsp.dll
0x00007ffa8f4e0000 - 0x00007ffa8f4fa000 	C:\WINDOWS\system32\pnrpnsp.dll
0x00007ffa975b0000 - 0x00007ffa975c8000 	C:\WINDOWS\system32\NLAapi.dll
0x00007ffa9c910000 - 0x00007ffa9c9b4000 	C:\WINDOWS\SYSTEM32\DNSAPI.dll
0x00007ffaa0da0000 - 0x00007ffaa0da8000 	C:\WINDOWS\System32\NSI.dll
0x00007ffa9c8d0000 - 0x00007ffa9c907000 	C:\WINDOWS\SYSTEM32\IPHLPAPI.DLL
0x00007ffa8fd70000 - 0x00007ffa8fd7e000 	C:\WINDOWS\System32\winrnr.dll
0x00007ffa8f310000 - 0x00007ffa8f325000 	C:\WINDOWS\System32\wshbth.dll
0x00007ffa94740000 - 0x00007ffa948ba000 	C:\Program Files (x86)\Sangfor\SSL\ClientComponent\SangforTcpX64.dll
0x00007ffa9d840000 - 0x00007ffa9d896000 	C:\WINDOWS\System32\WINTRUST.dll
0x00007ffa9d2b0000 - 0x00007ffa9d2c1000 	C:\WINDOWS\System32\MSASN1.dll
0x00007ffa9d670000 - 0x00007ffa9d839000 	C:\WINDOWS\System32\CRYPT32.dll
0x00007ffa95860000 - 0x00007ffa9586a000 	C:\Windows\System32\rasadhlp.dll
0x00007ffa96820000 - 0x00007ffa9688b000 	C:\WINDOWS\System32\fwpuclnt.dll
0x00007ffa9cde0000 - 0x00007ffa9ce05000 	C:\WINDOWS\SYSTEM32\bcrypt.dll
0x000000006cd50000 - 0x000000006cd61000 	C:\Program Files\Java\jdk1.8.0_144\jre\bin\nio.dll
0x00007ffa9ccd0000 - 0x00007ffa9cce7000 	C:\WINDOWS\SYSTEM32\CRYPTSP.dll
0x00007ffa9c750000 - 0x00007ffa9c784000 	C:\WINDOWS\system32\rsaenh.dll
0x00007ffa9d150000 - 0x00007ffa9d179000 	C:\WINDOWS\SYSTEM32\USERENV.dll
0x00007ffa9ccf0000 - 0x00007ffa9ccfb000 	C:\WINDOWS\SYSTEM32\CRYPTBASE.dll
0x00007ffa96fe0000 - 0x00007ffa96ff6000 	C:\WINDOWS\SYSTEM32\dhcpcsvc6.DLL
0x00007ffa96fc0000 - 0x00007ffa96fda000 	C:\WINDOWS\SYSTEM32\dhcpcsvc.DLL
0x00007ffa97230000 - 0x00007ffa973d9000 	C:\WINDOWS\SYSTEM32\dbghelp.dll

VM Arguments:
jvm_args: -javaagent:C:\Program Files\JetBrains\IntelliJ IDEA Community Edition 2017.2.4\lib\idea_rt.jar=7883:C:\Program Files\JetBrains\IntelliJ IDEA Community Edition 2017.2.4\bin -Dfile.encoding=UTF-8 
java_command: ladder.App
java_class_path (initial): C:\Program Files\Java\jdk1.8.0_144\jre\lib\charsets.jar;C:\Program Files\Java\jdk1.8.0_144\jre\lib\deploy.jar;C:\Program Files\Java\jdk1.8.0_144\jre\lib\ext\access-bridge-64.jar;C:\Program Files\Java\jdk1.8.0_144\jre\lib\ext\cldrdata.jar;C:\Program Files\Java\jdk1.8.0_144\jre\lib\ext\dnsns.jar;C:\Program Files\Java\jdk1.8.0_144\jre\lib\ext\jaccess.jar;C:\Program Files\Java\jdk1.8.0_144\jre\lib\ext\jfxrt.jar;C:\Program Files\Java\jdk1.8.0_144\jre\lib\ext\localedata.jar;C:\Program Files\Java\jdk1.8.0_144\jre\lib\ext\nashorn.jar;C:\Program Files\Java\jdk1.8.0_144\jre\lib\ext\sunec.jar;C:\Program Files\Java\jdk1.8.0_144\jre\lib\ext\sunjce_provider.jar;C:\Program Files\Java\jdk1.8.0_144\jre\lib\ext\sunmscapi.jar;C:\Program Files\Java\jdk1.8.0_144\jre\lib\ext\sunpkcs11.jar;C:\Program Files\Java\jdk1.8.0_144\jre\lib\ext\zipfs.jar;C:\Program Files\Java\jdk1.8.0_144\jre\lib\javaws.jar;C:\Program Files\Java\jdk1.8.0_144\jre\lib\jce.jar;C:\Program Files\Java\jdk1.8.0_144\jre\lib\jfr.jar;C:\Program Files\Java\jdk1.8.0_144\jre\lib\jfxswt.jar;C:\Program Files\Java\jdk1.8.0_144\jre\lib\jsse.jar;C:\Program Files\Java\jdk1.8.0_144\jre\lib\management-agent.jar;C:\Program Files\Java\jdk1.8.0_144\jre\lib\plugin.jar;C:\Program Files\Java\jdk1.8.0_144\jre\lib\resources.jar;C:\Program Files\Java\jdk1.8.0_144\jre\lib\rt.jar;D:\scbots\AILadderService\target\classes;C:\Users\Admin\.m2\repository\org\springframework\boot\spring-boot-starter\1.3.2.RELEASE\spring-boot-starter-1.3.2.RELEASE.jar;C:\Users\Admin\.m2\repository\org\springframework\boot\spring-boot\1.3.2.RELEASE\spring-boot-1.3.2.RELEASE.jar;C:\Users\Admin\.m2\repository\org\springframework\spring-context\4.2.4.RELEASE\spring-context-4.2.4.RELEASE.jar;C:\Users\Admin\.m2\repository\org\springframework\boot\spring-boot-autoconfigure\1.3.2.RELEASE\spring-boot-autoconfigure-1.3.2.RELEASE.jar;C:\Users\Admin\.m2\repository\org\springframework\boot\spring-boot-starter-logging\1.3.2.RELEASE\spring-boot-starter-lo
Launcher Type: SUN_STANDARD

Environment Variables:
USERNAME=Admin
OS=Windows_NT
PROCESSOR_IDENTIFIER=Intel64 Family 6 Model 158 Stepping 9, GenuineIntel



---------------  S Y S T E M  ---------------

OS: Windows 10.0 , 64 bit Build 15063 (10.0.15063.296)

CPU:total 8 (initial active 8) (4 cores per cpu, 2 threads per core) family 6 model 158 stepping 9, cmov, cx8, fxsr, mmx, sse, sse2, sse3, ssse3, sse4.1, sse4.2, popcnt, avx, avx2, aes, clmul, erms, rtm, 3dnowpref, lzcnt, ht, tsc, tscinvbit, bmi1, bmi2, adx

Memory: 4k page, physical 33471836k(11510812k free), swap 38452572k(10621140k free)

vm_info: Java HotSpot(TM) 64-Bit Server VM (25.144-b01) for windows-amd64 JRE (1.8.0_144-b01), built on Jul 21 2017 21:57:33 by "java_re" with MS VC++ 10.0 (VS2010)

time: Fri Dec 01 14:23:20 2017
elapsed time: 7 seconds (0d 0h 0m 7s)

